M	hw2.c
Your branch is up to date with 'origin/master'.
[master 8ab4d09] Commit homework hw2
 Committer: Yuxuan Yang <yang1329@data.cs.purdue.edu>
Your name and email address were configured automatically based
on your username and hostname. Please check that they are accurate.
You can suppress this message by setting them explicitly. Run the
following command and follow the instructions in your editor to edit
your configuration file:

    git config --global --edit

After doing this, you may fix the identity used for this commit with:

    git commit --amend --reset-author

 2 files changed, 33 insertions(+), 2 deletions(-)
 create mode 100644 hw1.h
M	hw2.c
Your branch is up to date with 'origin/master'.
[master 66e0f91] Commit homework hw2
 Committer: Yuxuan Yang <yang1329@data.cs.purdue.edu>
Your name and email address were configured automatically based
on your username and hostname. Please check that they are accurate.
You can suppress this message by setting them explicitly. Run the
following command and follow the instructions in your editor to edit
your configuration file:

    git config --global --edit

After doing this, you may fix the identity used for this commit with:

    git commit --amend --reset-author

 1 file changed, 20 insertions(+), 3 deletions(-)
M	hw2.c
Your branch is up to date with 'origin/master'.
[master 35f8e3a] Commit homework hw2
 Committer: Yuxuan Yang <yang1329@data.cs.purdue.edu>
Your name and email address were configured automatically based
on your username and hostname. Please check that they are accurate.
You can suppress this message by setting them explicitly. Run the
following command and follow the instructions in your editor to edit
your configuration file:

    git config --global --edit

After doing this, you may fix the identity used for this commit with:

    git commit --amend --reset-author

 1 file changed, 3 insertions(+), 2 deletions(-)
M	hw2.c
Your branch is up to date with 'origin/master'.
[master b90e113] Commit homework hw2
 Committer: Yuxuan Yang <yang1329@data.cs.purdue.edu>
Your name and email address were configured automatically based
on your username and hostname. Please check that they are accurate.
You can suppress this message by setting them explicitly. Run the
following command and follow the instructions in your editor to edit
your configuration file:

    git config --global --edit

After doing this, you may fix the identity used for this commit with:

    git commit --amend --reset-author

 1 file changed, 1 insertion(+), 1 deletion(-)
M	hw2.c
Your branch is up to date with 'origin/master'.
[master 103df5f] Commit homework hw2
 Committer: Yuxuan Yang <yang1329@data.cs.purdue.edu>
Your name and email address were configured automatically based
on your username and hostname. Please check that they are accurate.
You can suppress this message by setting them explicitly. Run the
following command and follow the instructions in your editor to edit
your configuration file:

    git config --global --edit

After doing this, you may fix the identity used for this commit with:

    git commit --amend --reset-author

 1 file changed, 1 insertion(+)
M	hw2.c
Your branch is up to date with 'origin/master'.
[master f6e175a] Commit homework hw2
 Committer: Yuxuan Yang <yang1329@data.cs.purdue.edu>
Your name and email address were configured automatically based
on your username and hostname. Please check that they are accurate.
You can suppress this message by setting them explicitly. Run the
following command and follow the instructions in your editor to edit
your configuration file:

    git config --global --edit

After doing this, you may fix the identity used for this commit with:

    git commit --amend --reset-author

 2 files changed, 49 insertions(+), 4 deletions(-)
 create mode 100644 hw1.c
M	hw2.c
Your branch is up to date with 'origin/master'.
[master 5feb085] Commit homework hw2
 Committer: Yuxuan Yang <yang1329@data.cs.purdue.edu>
Your name and email address were configured automatically based
on your username and hostname. Please check that they are accurate.
You can suppress this message by setting them explicitly. Run the
following command and follow the instructions in your editor to edit
your configuration file:

    git config --global --edit

After doing this, you may fix the identity used for this commit with:

    git commit --amend --reset-author

 1 file changed, 1 insertion(+), 1 deletion(-)
M	hw2.c
Your branch is up to date with 'origin/master'.
[master 3441152] Commit homework hw2
 Committer: Yuxuan Yang <yang1329@data.cs.purdue.edu>
Your name and email address were configured automatically based
on your username and hostname. Please check that they are accurate.
You can suppress this message by setting them explicitly. Run the
following command and follow the instructions in your editor to edit
your configuration file:

    git config --global --edit

After doing this, you may fix the identity used for this commit with:

    git commit --amend --reset-author

 1 file changed, 35 insertions(+), 2 deletions(-)
M	hw2.c
Your branch is up to date with 'origin/master'.
[master fd90ca7] Commit homework hw2
 Committer: Yuxuan Yang <yang1329@data.cs.purdue.edu>
Your name and email address were configured automatically based
on your username and hostname. Please check that they are accurate.
You can suppress this message by setting them explicitly. Run the
following command and follow the instructions in your editor to edit
your configuration file:

    git config --global --edit

After doing this, you may fix the identity used for this commit with:

    git commit --amend --reset-author

 1 file changed, 1 insertion(+)
M	hw2.c
Your branch is up to date with 'origin/master'.
[master 754a3a2] Commit homework hw2
 Committer: Yuxuan Yang <yang1329@data.cs.purdue.edu>
Your name and email address were configured automatically based
on your username and hostname. Please check that they are accurate.
You can suppress this message by setting them explicitly. Run the
following command and follow the instructions in your editor to edit
your configuration file:

    git config --global --edit

After doing this, you may fix the identity used for this commit with:

    git commit --amend --reset-author

 1 file changed, 6 insertions(+), 5 deletions(-)
M	hw2.c
Your branch is up to date with 'origin/master'.
[master b0c9312] Commit homework hw2
 Committer: Yuxuan Yang <yang1329@data.cs.purdue.edu>
Your name and email address were configured automatically based
on your username and hostname. Please check that they are accurate.
You can suppress this message by setting them explicitly. Run the
following command and follow the instructions in your editor to edit
your configuration file:

    git config --global --edit

After doing this, you may fix the identity used for this commit with:

    git commit --amend --reset-author

 1 file changed, 4 insertions(+)
M	hw2.c
Your branch is up to date with 'origin/master'.
[master fdf75f8] Commit homework hw2
 Committer: Yuxuan Yang <yang1329@data.cs.purdue.edu>
Your name and email address were configured automatically based
on your username and hostname. Please check that they are accurate.
You can suppress this message by setting them explicitly. Run the
following command and follow the instructions in your editor to edit
your configuration file:

    git config --global --edit

After doing this, you may fix the identity used for this commit with:

    git commit --amend --reset-author

 1 file changed, 1 insertion(+), 1 deletion(-)
Your branch is up to date with 'origin/master'.
[master 6e2ebde] Submission for homework hw2
 Committer: Yuxuan Yang <yang1329@data.cs.purdue.edu>
Your name and email address were configured automatically based
on your username and hostname. Please check that they are accurate.
You can suppress this message by setting them explicitly. Run the
following command and follow the instructions in your editor to edit
your configuration file:

    git config --global --edit

After doing this, you may fix the identity used for this commit with:

    git commit --amend --reset-author

M	hw2.c
D	hw2_test.o
Your branch is up to date with 'origin/master'.
[master 18c3849] Commit homework hw2
 Committer: Yuxuan Yang <yang1329@data.cs.purdue.edu>
Your name and email address were configured automatically based
on your username and hostname. Please check that they are accurate.
You can suppress this message by setting them explicitly. Run the
following command and follow the instructions in your editor to edit
your configuration file:

    git config --global --edit

After doing this, you may fix the identity used for this commit with:

    git commit --amend --reset-author

 2 files changed, 170 insertions(+), 144 deletions(-)
 rewrite hw2.c (60%)
 delete mode 100644 hw2_test.o
M	hw2.c
Your branch is up to date with 'origin/master'.
[master 9fb0b10] Commit homework hw2
 Committer: Yuxuan Yang <yang1329@data.cs.purdue.edu>
Your name and email address were configured automatically based
on your username and hostname. Please check that they are accurate.
You can suppress this message by setting them explicitly. Run the
following command and follow the instructions in your editor to edit
your configuration file:

    git config --global --edit

After doing this, you may fix the identity used for this commit with:

    git commit --amend --reset-author

 1 file changed, 56 insertions(+), 44 deletions(-)
M	hw2.c
Your branch is up to date with 'origin/master'.
[master ec08a12] Commit homework hw2
 Committer: Yuxuan Yang <yang1329@data.cs.purdue.edu>
Your name and email address were configured automatically based
on your username and hostname. Please check that they are accurate.
You can suppress this message by setting them explicitly. Run the
following command and follow the instructions in your editor to edit
your configuration file:

    git config --global --edit

After doing this, you may fix the identity used for this commit with:

    git commit --amend --reset-author

 1 file changed, 8 insertions(+), 2 deletions(-)
M	hw2.c
Your branch is up to date with 'origin/master'.
[master 82e21fd] Commit homework hw2
 Committer: Yuxuan Yang <yang1329@data.cs.purdue.edu>
Your name and email address were configured automatically based
on your username and hostname. Please check that they are accurate.
You can suppress this message by setting them explicitly. Run the
following command and follow the instructions in your editor to edit
your configuration file:

    git config --global --edit

After doing this, you may fix the identity used for this commit with:

    git commit --amend --reset-author

 1 file changed, 1 deletion(-)
